IP: 192.168.0.104, User: root, Password: 123456
b'Welcome to Alpine!'
b'\r\n'
b'\r\n'
b'The Alpine Wiki contains a large amount of how-to guides and general\r\ninformation about administrating Alpine systems.\r\nSee <http://wiki.alpinelinux.org/>.\r\n\r\nYou can setup the system with the command: setup-alpine\r\n\r\nYou may change this message by editing /etc/motd.\r\n\r\n'
b'dcf63441c441:~# \x1b[6n'
b'\x1b['
b'22;'
b'1'
b'7'
b'R'
b'l'
b'l'
b's'
b's'
b'\r'
b'\r\n'
b'dcf63441c441:~# \x1b[6n'
b'\x1b'
b'[23'
b';'
b'1'
b'7R'
b'c'
b'c'
b'd'
b'd'
b' '
b' '
b'.'
b'.'
b'.'
b'.'
b'\r'
b'\r\ndcf63441c441:/# \x1b[6n'
b'\x1b'
b'['
b'24;1'
b'7'
b'R'
b'l'
b'l'
b's'
b's'
b'\r'
b'\r\n'
b'\x1b[1;34mbin\x1b[m    \x1b[1;34metc\x1b[m    \x1b[1;34mlib\x1b[m    \x1b[1;34mmnt\x1b[m    \x1b[1;34mproc\x1b[m   \x1b[1;34mrun\x1b[m    \x1b[1;34msrv\x1b[m    \x1b[1;34mtmp\x1b[m    \x1b[1;34mvar\x1b[m\r\n'
b'\x1b[1;34mdev\x1b[m    \x1b[1;34mhome\x1b[m   \x1b[1;34mmedia\x1b[m  \x1b[1;34mopt\x1b[m    \x1b[1;34mroot\x1b[m   \x1b[1;34msbin\x1b[m   \x1b[1;34msys\x1b[m    \x1b[1;34musr\x1b[m\r\ndcf63441c441:/# \x1b[6n'
b'\x1b'
b'[27'
b';1'
b'7'
b'R'
b'c'
b'c'
b'd'
b'd'
b' '
b' '
b'\x7f'
b'\x08\x1b[J'
b'\x7f'
b'\x08\x1b[J'
b'\x7f'
b'\x08\x1b[J'
b'\x7f'
b'l'
b'l'
b's'
b's'
b'\x7f'
b'\x08\x1b[J'
b'\x7f'
b'\x08\x1b[J'
b'w'
b'w'
b'h'
b'h'
b'i'
b'i'
b'\x7f'
b'\x08\x1b[J'
b'o'
b'o'
b'a'
b'a'
b'm'
b'm'
b'i'
b'i'
b'\r'
b'\r\n'
b'root'
b'\r\ndcf63441c441:/# \x1b[6n'
b'\x1b'
b'['
b'2'
b'9;'
b'1'
b'7'
b'R'
b'p'
b'p'
b's'
b's'
b' '
b' '
b'a'
b'a'
b'u'
b'u'
b'x'
b'x'
b'\r'
b'\r\n'
b'PID   USER     TIME  COMMAND\r\n'
b'    1 root      0:00 sshd: /usr/sbin/sshd -D [listener] 0 of 10-100 startups'
b'\r\n'
b'  161 root      0:00 sshd: root@pts/0\r\n'
b'  163 root      0:00 -ash\r\n  167 root      0:00 ps aux'
b'\r\ndcf63441c441:/# \x1b[6n'
b'\x1b[3'
b'0;1'
b'7'
b'R'
b'b'
b'b'
b'a'
b'a'
b's'
b's'
b'h'
b'h'
b'\r'
b'\r\n-ash: bash: not found\r\ndcf63441c441:/# \x1b[6n'
b'\x1b'
b'[30'
b';1'
b'7'
b'R'
